
Showing logs for build [32mablazleon-environment-jxgke6-st-7rx45-1[0m stage [32mfrom-build-pack[0m and container [32mstep-credential-initializer-g86cj[0m
{"level":"info","ts":1593184302.4347756,"logger":"fallback-logger","caller":"logging/config.go:69","msg":"Fetch GitHub commit ID from kodata failed: open /var/run/ko/refs/heads/0.8.0-ns-support: no such file or directory"}
{"level":"info","ts":1593184302.435753,"logger":"fallback-logger","caller":"creds-init/main.go:40","msg":"Credentials initialized."}

Showing logs for build [32mablazleon-environment-jxgke6-st-7rx45-1[0m stage [32mfrom-build-pack[0m and container [32mstep-working-dir-initializer-jg8qv[0m
{"level":"info","ts":1593184303.414107,"logger":"fallback-logger","caller":"logging/config.go:69","msg":"Fetch GitHub commit ID from kodata failed: open /var/run/ko/HEAD: no such file or directory"}
{"level":"info","ts":1593184303.415761,"logger":"fallback-logger","caller":"bash/main.go:64","msg":"Successfully executed command \"sh -c mkdir -p /workspace/source\"; output "}

Showing logs for build [32mablazleon-environment-jxgke6-st-7rx45-1[0m stage [32mfrom-build-pack[0m and container [32mstep-place-tools[0m

Showing logs for build [32mablazleon-environment-jxgke6-st-7rx45-1[0m stage [32mfrom-build-pack[0m and container [32mstep-git-source-ablazleon-environment-jxgke6-st-7rx45-ls4kt[0m
{"level":"info","ts":1593184309.557832,"logger":"fallback-logger","caller":"logging/config.go:69","msg":"Fetch GitHub commit ID from kodata failed: open /var/run/ko/refs/heads/0.8.0-ns-support: no such file or directory"}
{"level":"info","ts":1593184310.603765,"logger":"fallback-logger","caller":"git/git.go:103","msg":"Successfully cloned https://github.com/*********/environment-**gke6-staging.git @ master in path /workspace/source"}

Showing logs for build [32mablazleon-environment-jxgke6-st-7rx45-1[0m stage [32mfrom-build-pack[0m and container [32mstep-setup-builder-home[0m

Showing logs for build [32mablazleon-environment-jxgke6-st-7rx45-1[0m stage [32mfrom-build-pack[0m and container [32mstep-git-merge[0m
Using SHAs from PULL_REFS=master:6265a37785a820be2c23ad0325f640c96c1adef0,11:1d1cf27028f04f8cdd7985c258777f4b582f0198
DEBUG: LC_ALL=C JX_LOG_LEVEL=error git fetch origin --unshallow 1d1cf27028f04f8cdd7985c258777f4b582f0198: 6265a37785a820be2c23ad0325f640c96c1adef0:
DEBUG: ran git fetch --unshallow origin 1d1cf27028f04f8cdd7985c258777f4b582f0198: 6265a37785a820be2c23ad0325f640c96c1adef0: in 
DEBUG: LC_ALL=C JX_LOG_LEVEL=error git branch
DEBUG: LC_ALL=C JX_LOG_LEVEL=error git checkout master
DEBUG: ran git checkout master in 
DEBUG: LC_ALL=C JX_LOG_LEVEL=error git reset --hard 6265a37785a820be2c23ad0325f640c96c1adef0
DEBUG: ran git reset --hard 6265a37785a820be2c23ad0325f640c96c1adef0 in 
DEBUG: LC_ALL=C JX_LOG_LEVEL=error git clean -fd .
DEBUG: ran clean --force -d . in 
DEBUG: LC_ALL=C JX_LOG_LEVEL=error git merge 1d1cf27028f04f8cdd7985c258777f4b582f0198
DEBUG: ran git merge 1d1cf27028f04f8cdd7985c258777f4b582f0198 in 
DEBUG: LC_ALL=C JX_LOG_LEVEL=error git log --format=%H%x1f%an%x1f%ae%x1f%cn%x1f%ce%x1f%s%n%b%x1e 6265a37785a820be2c23ad0325f640c96c1adef0..HEAD
Merged SHA 1d1cf27028f04f8cdd7985c258777f4b582f0198 with commit message 'chore: Promote **py to version 0.0.11' into base branch master

Showing logs for build [32mablazleon-environment-jxgke6-st-7rx45-1[0m stage [32mfrom-build-pack[0m and container [32mstep-build-helm-build[0m
WARNING: No $CHART_REPOSITORY defined so using the default value of: http://jenkins-x-chartmuseum:8080
Adding missing Helm repo: storage.googleapis.com https://storage.googleapis.com/chartmuseum.jenkins-x.io
Successfully added Helm repository storage.googleapis.com.
Adding missing Helm repo: jenkins-x-chartmuseum http://jenkins-x-chartmuseum:8080
Successfully added Helm repository jenkins-x-chartmuseum.
WARNING: No $CHART_REPOSITORY defined so using the default value of: http://jenkins-x-chartmuseum:8080
Adding missing Helm repo: chartmuseum.jenkins-x.io http://chartmuseum.jenkins-x.io
Successfully added Helm repository chartmuseum.jenkins-x.io.
