
Showing logs for build [32mmeta-ablazleon-environment-jxgk-2hcgs-2[0m stage [32mmeta-pipeline[0m and container [32mstep-credential-initializer-bhrp8[0m
{"level":"info","ts":1593188158.707032,"logger":"fallback-logger","caller":"logging/config.go:69","msg":"Fetch GitHub commit ID from kodata failed: open /var/run/ko/refs/heads/0.8.0-ns-support: no such file or directory"}
{"level":"info","ts":1593188158.707808,"logger":"fallback-logger","caller":"creds-init/main.go:40","msg":"Credentials initialized."}

Showing logs for build [32mmeta-ablazleon-environment-jxgk-2hcgs-2[0m stage [32mmeta-pipeline[0m and container [32mstep-working-dir-initializer-pr2bv[0m
{"level":"info","ts":1593188159.5030282,"logger":"fallback-logger","caller":"logging/config.go:69","msg":"Fetch GitHub commit ID from kodata failed: open /var/run/ko/HEAD: no such file or directory"}
{"level":"info","ts":1593188159.5245745,"logger":"fallback-logger","caller":"bash/main.go:64","msg":"Successfully executed command \"sh -c mkdir -p /workspace/source\"; output "}

Showing logs for build [32mmeta-ablazleon-environment-jxgk-2hcgs-2[0m stage [32mmeta-pipeline[0m and container [32mstep-place-tools[0m

Showing logs for build [32mmeta-ablazleon-environment-jxgk-2hcgs-2[0m stage [32mmeta-pipeline[0m and container [32mstep-git-source-meta-ablazleon-environment-jxgk-2hcgs-r59p5[0m
{"level":"info","ts":1593188167.9304535,"logger":"fallback-logger","caller":"logging/config.go:69","msg":"Fetch GitHub commit ID from kodata failed: open /var/run/ko/refs/heads/0.8.0-ns-support: no such file or directory"}
{"level":"info","ts":1593188169.0121214,"logger":"fallback-logger","caller":"git/git.go:103","msg":"Successfully cloned https://github.com/*********/environment-**gke6-staging.git @ 9701737cac4a8357a04816e64610d1be8600b4f4 in path /workspace/source"}

Showing logs for build [32mmeta-ablazleon-environment-jxgk-2hcgs-2[0m stage [32mmeta-pipeline[0m and container [32mstep-setup-builder-home[0m

Showing logs for build [32mmeta-ablazleon-environment-jxgk-2hcgs-2[0m stage [32mmeta-pipeline[0m and container [32mstep-git-merge[0m
Using SHAs from PULL_REFS=master:9701737cac4a8357a04816e64610d1be8600b4f4,11:1d1cf27028f04f8cdd7985c258777f4b582f0198
DEBUG: LC_ALL=C JX_LOG_LEVEL=error git fetch origin --unshallow 1d1cf27028f04f8cdd7985c258777f4b582f0198: 9701737cac4a8357a04816e64610d1be8600b4f4:
DEBUG: ran git fetch --unshallow origin 1d1cf27028f04f8cdd7985c258777f4b582f0198: 9701737cac4a8357a04816e64610d1be8600b4f4: in 
DEBUG: LC_ALL=C JX_LOG_LEVEL=error git branch
DEBUG: JX_LOG_LEVEL=error LC_ALL=C git checkout master
DEBUG: ran git checkout master in 
DEBUG: LC_ALL=C JX_LOG_LEVEL=error git reset --hard 9701737cac4a8357a04816e64610d1be8600b4f4
DEBUG: ran git reset --hard 9701737cac4a8357a04816e64610d1be8600b4f4 in 
DEBUG: LC_ALL=C JX_LOG_LEVEL=error git clean -fd .
DEBUG: ran clean --force -d . in 
DEBUG: LC_ALL=C JX_LOG_LEVEL=error git merge 1d1cf27028f04f8cdd7985c258777f4b582f0198
error: error during merge: merging 1d1cf27028f04f8cdd7985c258777f4b582f0198 into master: git output: Auto-merging env/requirements.yaml
CONFLICT (content): Merge conflict in env/requirements.yaml
Automatic merge failed; fix conflicts and then commit the result.: failed to run 'git merge 1d1cf27028f04f8cdd7985c258777f4b582f0198' command in directory '', output: 'Auto-merging env/requirements.yaml
CONFLICT (content): Merge conflict in env/requirements.yaml
Automatic merge failed; fix conflicts and then commit the result.'
[31m
Pipeline failed on stage 'meta-pipeline' : container 'step-git-merge'. The execution of the pipeline has stopped.[0m
