
Showing logs for build [32mablazleon-environment-jxgke6-st-pvrzf-1[0m stage [32mfrom-build-pack[0m and container [32mstep-credential-initializer-thf84[0m
{"level":"info","ts":1593189089.8063037,"logger":"fallback-logger","caller":"logging/config.go:69","msg":"Fetch GitHub commit ID from kodata failed: open /var/run/ko/refs/heads/0.8.0-ns-support: no such file or directory"}
{"level":"info","ts":1593189089.807189,"logger":"fallback-logger","caller":"creds-init/main.go:40","msg":"Credentials initialized."}

Showing logs for build [32mablazleon-environment-jxgke6-st-pvrzf-1[0m stage [32mfrom-build-pack[0m and container [32mstep-working-dir-initializer-hjfnz[0m
{"level":"info","ts":1593189091.2594762,"logger":"fallback-logger","caller":"logging/config.go:69","msg":"Fetch GitHub commit ID from kodata failed: open /var/run/ko/HEAD: no such file or directory"}
{"level":"info","ts":1593189091.2617493,"logger":"fallback-logger","caller":"bash/main.go:64","msg":"Successfully executed command \"sh -c mkdir -p /workspace/source\"; output "}

Showing logs for build [32mablazleon-environment-jxgke6-st-pvrzf-1[0m stage [32mfrom-build-pack[0m and container [32mstep-place-tools[0m

Showing logs for build [32mablazleon-environment-jxgke6-st-pvrzf-1[0m stage [32mfrom-build-pack[0m and container [32mstep-git-source-ablazleon-environment-jxgke6-st-pvrzf-7j9l2[0m
{"level":"info","ts":1593189097.548956,"logger":"fallback-logger","caller":"logging/config.go:69","msg":"Fetch GitHub commit ID from kodata failed: open /var/run/ko/refs/heads/0.8.0-ns-support: no such file or directory"}
{"level":"info","ts":1593189098.8115335,"logger":"fallback-logger","caller":"git/git.go:103","msg":"Successfully cloned https://github.com/*********/environment-**gke6-staging.git @ master in path /workspace/source"}

Showing logs for build [32mablazleon-environment-jxgke6-st-pvrzf-1[0m stage [32mfrom-build-pack[0m and container [32mstep-setup-builder-home[0m

Showing logs for build [32mablazleon-environment-jxgke6-st-pvrzf-1[0m stage [32mfrom-build-pack[0m and container [32mstep-git-merge[0m
Using SHAs from PULL_REFS=master:9701737cac4a8357a04816e64610d1be8600b4f4,15:3d9d3b8f5baf4bc5046d80f1d2c499f2a402c36f
DEBUG: JX_LOG_LEVEL=error LC_ALL=C git fetch origin --unshallow 3d9d3b8f5baf4bc5046d80f1d2c499f2a402c36f: 9701737cac4a8357a04816e64610d1be8600b4f4:
DEBUG: ran git fetch --unshallow origin 3d9d3b8f5baf4bc5046d80f1d2c499f2a402c36f: 9701737cac4a8357a04816e64610d1be8600b4f4: in 
DEBUG: LC_ALL=C JX_LOG_LEVEL=error git branch
DEBUG: LC_ALL=C JX_LOG_LEVEL=error git checkout master
DEBUG: ran git checkout master in 
DEBUG: LC_ALL=C JX_LOG_LEVEL=error git reset --hard 9701737cac4a8357a04816e64610d1be8600b4f4
DEBUG: ran git reset --hard 9701737cac4a8357a04816e64610d1be8600b4f4 in 
DEBUG: LC_ALL=C JX_LOG_LEVEL=error git clean -fd .
DEBUG: ran clean --force -d . in 
DEBUG: LC_ALL=C JX_LOG_LEVEL=error git merge 3d9d3b8f5baf4bc5046d80f1d2c499f2a402c36f
DEBUG: ran git merge 3d9d3b8f5baf4bc5046d80f1d2c499f2a402c36f in 
DEBUG: LC_ALL=C JX_LOG_LEVEL=error git log --format=%H%x1f%an%x1f%ae%x1f%cn%x1f%ce%x1f%s%n%b%x1e 9701737cac4a8357a04816e64610d1be8600b4f4..HEAD
Merged SHA 3d9d3b8f5baf4bc5046d80f1d2c499f2a402c36f with commit message 'chore: Promote **py to version 0.0.24' into base branch master

Showing logs for build [32mablazleon-environment-jxgke6-st-pvrzf-1[0m stage [32mfrom-build-pack[0m and container [32mstep-build-helm-build[0m
WARNING: No $CHART_REPOSITORY defined so using the default value of: http://jenkins-x-chartmuseum:8080
Adding missing Helm repo: storage.googleapis.com https://storage.googleapis.com/chartmuseum.jenkins-x.io
Successfully added Helm repository storage.googleapis.com.
Adding missing Helm repo: jenkins-x-chartmuseum http://jenkins-x-chartmuseum:8080
Successfully added Helm repository jenkins-x-chartmuseum.
WARNING: No $CHART_REPOSITORY defined so using the default value of: http://jenkins-x-chartmuseum:8080
Adding missing Helm repo: chartmuseum.jenkins-x.io http://chartmuseum.jenkins-x.io
Successfully added Helm repository chartmuseum.jenkins-x.io.
