
Showing logs for build [32mablazleon-environment-jxgke6-st-k8hd5-1[0m stage [32mfrom-build-pack[0m and container [32mstep-credential-initializer-lswkf[0m
{"level":"info","ts":1593203342.1074774,"logger":"fallback-logger","caller":"logging/config.go:69","msg":"Fetch GitHub commit ID from kodata failed: open /var/run/ko/refs/heads/0.8.0-ns-support: no such file or directory"}
{"level":"info","ts":1593203342.1089954,"logger":"fallback-logger","caller":"creds-init/main.go:40","msg":"Credentials initialized."}

Showing logs for build [32mablazleon-environment-jxgke6-st-k8hd5-1[0m stage [32mfrom-build-pack[0m and container [32mstep-working-dir-initializer-rrh5n[0m
{"level":"info","ts":1593203343.059739,"logger":"fallback-logger","caller":"logging/config.go:69","msg":"Fetch GitHub commit ID from kodata failed: open /var/run/ko/HEAD: no such file or directory"}
{"level":"info","ts":1593203343.0635717,"logger":"fallback-logger","caller":"bash/main.go:64","msg":"Successfully executed command \"sh -c mkdir -p /workspace/source\"; output "}

Showing logs for build [32mablazleon-environment-jxgke6-st-k8hd5-1[0m stage [32mfrom-build-pack[0m and container [32mstep-place-tools[0m

Showing logs for build [32mablazleon-environment-jxgke6-st-k8hd5-1[0m stage [32mfrom-build-pack[0m and container [32mstep-git-source-ablazleon-environment-jxgke6-st-k8hd5-xmxmn[0m
{"level":"info","ts":1593203349.1612272,"logger":"fallback-logger","caller":"logging/config.go:69","msg":"Fetch GitHub commit ID from kodata failed: open /var/run/ko/refs/heads/0.8.0-ns-support: no such file or directory"}
{"level":"info","ts":1593203350.2458174,"logger":"fallback-logger","caller":"git/git.go:103","msg":"Successfully cloned https://github.com/*********/environment-**gke6-staging.git @ master in path /workspace/source"}

Showing logs for build [32mablazleon-environment-jxgke6-st-k8hd5-1[0m stage [32mfrom-build-pack[0m and container [32mstep-setup-builder-home[0m

Showing logs for build [32mablazleon-environment-jxgke6-st-k8hd5-1[0m stage [32mfrom-build-pack[0m and container [32mstep-git-merge[0m
Using SHAs from PULL_REFS=master:7225cc212ecac8de8eb60787ffb5824b68fc66b9,22:470b0cd1354f44877f14befd7fe667e517dc0ad2
DEBUG: LC_ALL=C JX_LOG_LEVEL=error git fetch origin --unshallow 470b0cd1354f44877f14befd7fe667e517dc0ad2: 7225cc212ecac8de8eb60787ffb5824b68fc66b9:
DEBUG: ran git fetch --unshallow origin 470b0cd1354f44877f14befd7fe667e517dc0ad2: 7225cc212ecac8de8eb60787ffb5824b68fc66b9: in 
DEBUG: LC_ALL=C JX_LOG_LEVEL=error git branch
DEBUG: JX_LOG_LEVEL=error LC_ALL=C git checkout master
DEBUG: ran git checkout master in 
DEBUG: LC_ALL=C JX_LOG_LEVEL=error git reset --hard 7225cc212ecac8de8eb60787ffb5824b68fc66b9
DEBUG: ran git reset --hard 7225cc212ecac8de8eb60787ffb5824b68fc66b9 in 
DEBUG: LC_ALL=C JX_LOG_LEVEL=error git clean -fd .
DEBUG: ran clean --force -d . in 
DEBUG: LC_ALL=C JX_LOG_LEVEL=error git merge 470b0cd1354f44877f14befd7fe667e517dc0ad2
DEBUG: ran git merge 470b0cd1354f44877f14befd7fe667e517dc0ad2 in 
DEBUG: LC_ALL=C JX_LOG_LEVEL=error git log --format=%H%x1f%an%x1f%ae%x1f%cn%x1f%ce%x1f%s%n%b%x1e 7225cc212ecac8de8eb60787ffb5824b68fc66b9..HEAD
Merged SHA 470b0cd1354f44877f14befd7fe667e517dc0ad2 with commit message 'chore: Promote **py to version 0.0.31' into base branch master

Showing logs for build [32mablazleon-environment-jxgke6-st-k8hd5-1[0m stage [32mfrom-build-pack[0m and container [32mstep-build-helm-build[0m
WARNING: No $CHART_REPOSITORY defined so using the default value of: http://jenkins-x-chartmuseum:8080
Adding missing Helm repo: storage.googleapis.com https://storage.googleapis.com/chartmuseum.jenkins-x.io
Successfully added Helm repository storage.googleapis.com.
Adding missing Helm repo: jenkins-x-chartmuseum http://jenkins-x-chartmuseum:8080
Successfully added Helm repository jenkins-x-chartmuseum.
WARNING: No $CHART_REPOSITORY defined so using the default value of: http://jenkins-x-chartmuseum:8080
Adding missing Helm repo: chartmuseum.jenkins-x.io http://chartmuseum.jenkins-x.io
Successfully added Helm repository chartmuseum.jenkins-x.io.
