
Showing logs for build [32mablazleon-environment-jxgke6-st-hq2rg-1[0m stage [32mfrom-build-pack[0m and container [32mstep-credential-initializer-8cx6m[0m
{"level":"info","ts":1593200515.369208,"logger":"fallback-logger","caller":"logging/config.go:69","msg":"Fetch GitHub commit ID from kodata failed: open /var/run/ko/refs/heads/0.8.0-ns-support: no such file or directory"}
{"level":"info","ts":1593200515.3706305,"logger":"fallback-logger","caller":"creds-init/main.go:40","msg":"Credentials initialized."}

Showing logs for build [32mablazleon-environment-jxgke6-st-hq2rg-1[0m stage [32mfrom-build-pack[0m and container [32mstep-working-dir-initializer-zf488[0m
{"level":"info","ts":1593200517.472599,"logger":"fallback-logger","caller":"logging/config.go:69","msg":"Fetch GitHub commit ID from kodata failed: open /var/run/ko/HEAD: no such file or directory"}
{"level":"info","ts":1593200517.4744878,"logger":"fallback-logger","caller":"bash/main.go:64","msg":"Successfully executed command \"sh -c mkdir -p /workspace/source\"; output "}

Showing logs for build [32mablazleon-environment-jxgke6-st-hq2rg-1[0m stage [32mfrom-build-pack[0m and container [32mstep-place-tools[0m

Showing logs for build [32mablazleon-environment-jxgke6-st-hq2rg-1[0m stage [32mfrom-build-pack[0m and container [32mstep-git-source-ablazleon-environment-jxgke6-st-hq2rg-8knn8[0m
{"level":"info","ts":1593200640.263041,"logger":"fallback-logger","caller":"logging/config.go:69","msg":"Fetch GitHub commit ID from kodata failed: open /var/run/ko/refs/heads/0.8.0-ns-support: no such file or directory"}
{"level":"info","ts":1593200641.3189545,"logger":"fallback-logger","caller":"git/git.go:103","msg":"Successfully cloned https://github.com/*********/environment-**gke6-staging.git @ master in path /workspace/source"}

Showing logs for build [32mablazleon-environment-jxgke6-st-hq2rg-1[0m stage [32mfrom-build-pack[0m and container [32mstep-setup-builder-home[0m

Showing logs for build [32mablazleon-environment-jxgke6-st-hq2rg-1[0m stage [32mfrom-build-pack[0m and container [32mstep-git-merge[0m
Using SHAs from PULL_REFS=master:861f967e70ef89ab90f9f065ee00c53492f19f95,19:4718c5034de3ac708d881dba0522ba3325b73a7b
DEBUG: LC_ALL=C JX_LOG_LEVEL=error git fetch origin --unshallow 4718c5034de3ac708d881dba0522ba3325b73a7b: 861f967e70ef89ab90f9f065ee00c53492f19f95:
DEBUG: ran git fetch --unshallow origin 4718c5034de3ac708d881dba0522ba3325b73a7b: 861f967e70ef89ab90f9f065ee00c53492f19f95: in 
DEBUG: LC_ALL=C JX_LOG_LEVEL=error git branch
DEBUG: JX_LOG_LEVEL=error LC_ALL=C git checkout master
DEBUG: ran git checkout master in 
DEBUG: LC_ALL=C JX_LOG_LEVEL=error git reset --hard 861f967e70ef89ab90f9f065ee00c53492f19f95
DEBUG: ran git reset --hard 861f967e70ef89ab90f9f065ee00c53492f19f95 in 
DEBUG: LC_ALL=C JX_LOG_LEVEL=error git clean -fd .
DEBUG: ran clean --force -d . in 
DEBUG: LC_ALL=C JX_LOG_LEVEL=error git merge 4718c5034de3ac708d881dba0522ba3325b73a7b
DEBUG: ran git merge 4718c5034de3ac708d881dba0522ba3325b73a7b in 
DEBUG: LC_ALL=C JX_LOG_LEVEL=error git log --format=%H%x1f%an%x1f%ae%x1f%cn%x1f%ce%x1f%s%n%b%x1e 861f967e70ef89ab90f9f065ee00c53492f19f95..HEAD
Merged SHA 4718c5034de3ac708d881dba0522ba3325b73a7b with commit message 'chore: Promote **py to version 0.0.28' into base branch master

Showing logs for build [32mablazleon-environment-jxgke6-st-hq2rg-1[0m stage [32mfrom-build-pack[0m and container [32mstep-build-helm-build[0m
WARNING: No $CHART_REPOSITORY defined so using the default value of: http://jenkins-x-chartmuseum:8080
Adding missing Helm repo: storage.googleapis.com https://storage.googleapis.com/chartmuseum.jenkins-x.io
Successfully added Helm repository storage.googleapis.com.
Adding missing Helm repo: jenkins-x-chartmuseum http://jenkins-x-chartmuseum:8080
Successfully added Helm repository jenkins-x-chartmuseum.
WARNING: No $CHART_REPOSITORY defined so using the default value of: http://jenkins-x-chartmuseum:8080
Adding missing Helm repo: chartmuseum.jenkins-x.io http://chartmuseum.jenkins-x.io
Successfully added Helm repository chartmuseum.jenkins-x.io.
