
Showing logs for build [32mablazleon-environment-jxgke6-st-vhkg5-1[0m stage [32mfrom-build-pack[0m and container [32mstep-credential-initializer-hdcsc[0m
{"level":"info","ts":1593193265.531493,"logger":"fallback-logger","caller":"logging/config.go:69","msg":"Fetch GitHub commit ID from kodata failed: open /var/run/ko/refs/heads/0.8.0-ns-support: no such file or directory"}
{"level":"info","ts":1593193265.53197,"logger":"fallback-logger","caller":"creds-init/main.go:40","msg":"Credentials initialized."}

Showing logs for build [32mablazleon-environment-jxgke6-st-vhkg5-1[0m stage [32mfrom-build-pack[0m and container [32mstep-working-dir-initializer-s5q96[0m
{"level":"info","ts":1593193267.00976,"logger":"fallback-logger","caller":"logging/config.go:69","msg":"Fetch GitHub commit ID from kodata failed: open /var/run/ko/HEAD: no such file or directory"}
{"level":"info","ts":1593193267.0334308,"logger":"fallback-logger","caller":"bash/main.go:64","msg":"Successfully executed command \"sh -c mkdir -p /workspace/source\"; output "}

Showing logs for build [32mablazleon-environment-jxgke6-st-vhkg5-1[0m stage [32mfrom-build-pack[0m and container [32mstep-place-tools[0m

Showing logs for build [32mablazleon-environment-jxgke6-st-vhkg5-1[0m stage [32mfrom-build-pack[0m and container [32mstep-git-source-ablazleon-environment-jxgke6-st-vhkg5-n6kwq[0m
{"level":"info","ts":1593193273.284909,"logger":"fallback-logger","caller":"logging/config.go:69","msg":"Fetch GitHub commit ID from kodata failed: open /var/run/ko/refs/heads/0.8.0-ns-support: no such file or directory"}
{"level":"info","ts":1593193274.5024028,"logger":"fallback-logger","caller":"git/git.go:103","msg":"Successfully cloned https://github.com/*********/environment-**gke6-staging.git @ master in path /workspace/source"}

Showing logs for build [32mablazleon-environment-jxgke6-st-vhkg5-1[0m stage [32mfrom-build-pack[0m and container [32mstep-setup-builder-home[0m

Showing logs for build [32mablazleon-environment-jxgke6-st-vhkg5-1[0m stage [32mfrom-build-pack[0m and container [32mstep-git-merge[0m
Using SHAs from PULL_REFS=master:af550b170715f6be1dd565ac9e35cf2c9c9e359a,18:b1bf005e9115d5c0f7739625bfe568698497acb6
DEBUG: LC_ALL=C JX_LOG_LEVEL=error git fetch origin --unshallow b1bf005e9115d5c0f7739625bfe568698497acb6: af550b170715f6be1dd565ac9e35cf2c9c9e359a:
DEBUG: ran git fetch --unshallow origin b1bf005e9115d5c0f7739625bfe568698497acb6: af550b170715f6be1dd565ac9e35cf2c9c9e359a: in 
DEBUG: LC_ALL=C JX_LOG_LEVEL=error git branch
DEBUG: LC_ALL=C JX_LOG_LEVEL=error git checkout master
DEBUG: ran git checkout master in 
DEBUG: LC_ALL=C JX_LOG_LEVEL=error git reset --hard af550b170715f6be1dd565ac9e35cf2c9c9e359a
DEBUG: ran git reset --hard af550b170715f6be1dd565ac9e35cf2c9c9e359a in 
DEBUG: LC_ALL=C JX_LOG_LEVEL=error git clean -fd .
DEBUG: ran clean --force -d . in 
DEBUG: LC_ALL=C JX_LOG_LEVEL=error git merge b1bf005e9115d5c0f7739625bfe568698497acb6
DEBUG: ran git merge b1bf005e9115d5c0f7739625bfe568698497acb6 in 
DEBUG: JX_LOG_LEVEL=error LC_ALL=C git log --format=%H%x1f%an%x1f%ae%x1f%cn%x1f%ce%x1f%s%n%b%x1e af550b170715f6be1dd565ac9e35cf2c9c9e359a..HEAD
Merged SHA b1bf005e9115d5c0f7739625bfe568698497acb6 with commit message 'chore: Promote **py to version 0.0.27' into base branch master

Showing logs for build [32mablazleon-environment-jxgke6-st-vhkg5-1[0m stage [32mfrom-build-pack[0m and container [32mstep-build-helm-build[0m
WARNING: No $CHART_REPOSITORY defined so using the default value of: http://jenkins-x-chartmuseum:8080
Adding missing Helm repo: storage.googleapis.com https://storage.googleapis.com/chartmuseum.jenkins-x.io
Successfully added Helm repository storage.googleapis.com.
Adding missing Helm repo: jenkins-x-chartmuseum http://jenkins-x-chartmuseum:8080
Successfully added Helm repository jenkins-x-chartmuseum.
WARNING: No $CHART_REPOSITORY defined so using the default value of: http://jenkins-x-chartmuseum:8080
Adding missing Helm repo: chartmuseum.jenkins-x.io http://chartmuseum.jenkins-x.io
Successfully added Helm repository chartmuseum.jenkins-x.io.
