
Showing logs for build [32mablazleon-environment-jxgke6-st-9n6zp-1[0m stage [32mfrom-build-pack[0m and container [32mstep-credential-initializer-tn675[0m
{"level":"info","ts":1593209316.5409744,"logger":"fallback-logger","caller":"logging/config.go:69","msg":"Fetch GitHub commit ID from kodata failed: open /var/run/ko/refs/heads/0.8.0-ns-support: no such file or directory"}
{"level":"info","ts":1593209316.5414562,"logger":"fallback-logger","caller":"creds-init/main.go:40","msg":"Credentials initialized."}

Showing logs for build [32mablazleon-environment-jxgke6-st-9n6zp-1[0m stage [32mfrom-build-pack[0m and container [32mstep-working-dir-initializer-sssvf[0m
{"level":"info","ts":1593209317.0777874,"logger":"fallback-logger","caller":"logging/config.go:69","msg":"Fetch GitHub commit ID from kodata failed: open /var/run/ko/HEAD: no such file or directory"}
{"level":"info","ts":1593209317.07927,"logger":"fallback-logger","caller":"bash/main.go:64","msg":"Successfully executed command \"sh -c mkdir -p /workspace/source\"; output "}

Showing logs for build [32mablazleon-environment-jxgke6-st-9n6zp-1[0m stage [32mfrom-build-pack[0m and container [32mstep-place-tools[0m

Showing logs for build [32mablazleon-environment-jxgke6-st-9n6zp-1[0m stage [32mfrom-build-pack[0m and container [32mstep-git-source-ablazleon-environment-jxgke6-st-9n6zp-lznhs[0m
{"level":"info","ts":1593209323.2443147,"logger":"fallback-logger","caller":"logging/config.go:69","msg":"Fetch GitHub commit ID from kodata failed: open /var/run/ko/refs/heads/0.8.0-ns-support: no such file or directory"}
{"level":"info","ts":1593209324.3749807,"logger":"fallback-logger","caller":"git/git.go:103","msg":"Successfully cloned https://github.com/*********/environment-**gke6-staging.git @ master in path /workspace/source"}

Showing logs for build [32mablazleon-environment-jxgke6-st-9n6zp-1[0m stage [32mfrom-build-pack[0m and container [32mstep-setup-builder-home[0m

Showing logs for build [32mablazleon-environment-jxgke6-st-9n6zp-1[0m stage [32mfrom-build-pack[0m and container [32mstep-git-merge[0m
Using SHAs from PULL_REFS=master:d29e40ef85ede6efd72e8407bb72550e00bd497d,23:4d9812b2625585b62c88a1daf61b7be99809aec4
DEBUG: LC_ALL=C JX_LOG_LEVEL=error git fetch origin --unshallow 4d9812b2625585b62c88a1daf61b7be99809aec4: d29e40ef85ede6efd72e8407bb72550e00bd497d:
DEBUG: ran git fetch --unshallow origin 4d9812b2625585b62c88a1daf61b7be99809aec4: d29e40ef85ede6efd72e8407bb72550e00bd497d: in 
DEBUG: LC_ALL=C JX_LOG_LEVEL=error git branch
DEBUG: LC_ALL=C JX_LOG_LEVEL=error git checkout master
DEBUG: ran git checkout master in 
DEBUG: LC_ALL=C JX_LOG_LEVEL=error git reset --hard d29e40ef85ede6efd72e8407bb72550e00bd497d
DEBUG: ran git reset --hard d29e40ef85ede6efd72e8407bb72550e00bd497d in 
DEBUG: LC_ALL=C JX_LOG_LEVEL=error git clean -fd .
DEBUG: ran clean --force -d . in 
DEBUG: LC_ALL=C JX_LOG_LEVEL=error git merge 4d9812b2625585b62c88a1daf61b7be99809aec4
DEBUG: ran git merge 4d9812b2625585b62c88a1daf61b7be99809aec4 in 
DEBUG: LC_ALL=C JX_LOG_LEVEL=error git log --format=%H%x1f%an%x1f%ae%x1f%cn%x1f%ce%x1f%s%n%b%x1e d29e40ef85ede6efd72e8407bb72550e00bd497d..HEAD
Merged SHA 4d9812b2625585b62c88a1daf61b7be99809aec4 with commit message 'chore: Promote **py to version 0.0.32' into base branch master

Showing logs for build [32mablazleon-environment-jxgke6-st-9n6zp-1[0m stage [32mfrom-build-pack[0m and container [32mstep-build-helm-build[0m
WARNING: No $CHART_REPOSITORY defined so using the default value of: http://jenkins-x-chartmuseum:8080
Adding missing Helm repo: storage.googleapis.com https://storage.googleapis.com/chartmuseum.jenkins-x.io
Successfully added Helm repository storage.googleapis.com.
Adding missing Helm repo: jenkins-x-chartmuseum http://jenkins-x-chartmuseum:8080
Successfully added Helm repository jenkins-x-chartmuseum.
WARNING: No $CHART_REPOSITORY defined so using the default value of: http://jenkins-x-chartmuseum:8080
Adding missing Helm repo: chartmuseum.jenkins-x.io http://chartmuseum.jenkins-x.io
Successfully added Helm repository chartmuseum.jenkins-x.io.
