
Showing logs for build [32mablazleon-environment-jxgke6-st-hnp6v-1[0m stage [32mfrom-build-pack[0m and container [32mstep-credential-initializer-l4vx6[0m
{"level":"info","ts":1593183453.227748,"logger":"fallback-logger","caller":"logging/config.go:69","msg":"Fetch GitHub commit ID from kodata failed: open /var/run/ko/refs/heads/0.8.0-ns-support: no such file or directory"}
{"level":"info","ts":1593183453.2285354,"logger":"fallback-logger","caller":"creds-init/main.go:40","msg":"Credentials initialized."}

Showing logs for build [32mablazleon-environment-jxgke6-st-hnp6v-1[0m stage [32mfrom-build-pack[0m and container [32mstep-working-dir-initializer-8mcwn[0m
{"level":"info","ts":1593183454.3425875,"logger":"fallback-logger","caller":"logging/config.go:69","msg":"Fetch GitHub commit ID from kodata failed: open /var/run/ko/HEAD: no such file or directory"}
{"level":"info","ts":1593183454.3489137,"logger":"fallback-logger","caller":"bash/main.go:64","msg":"Successfully executed command \"sh -c mkdir -p /workspace/source\"; output "}

Showing logs for build [32mablazleon-environment-jxgke6-st-hnp6v-1[0m stage [32mfrom-build-pack[0m and container [32mstep-place-tools[0m

Showing logs for build [32mablazleon-environment-jxgke6-st-hnp6v-1[0m stage [32mfrom-build-pack[0m and container [32mstep-git-source-ablazleon-environment-jxgke6-st-hnp6v-2z74s[0m
{"level":"info","ts":1593183459.4044924,"logger":"fallback-logger","caller":"logging/config.go:69","msg":"Fetch GitHub commit ID from kodata failed: open /var/run/ko/refs/heads/0.8.0-ns-support: no such file or directory"}
{"level":"info","ts":1593183460.443093,"logger":"fallback-logger","caller":"git/git.go:103","msg":"Successfully cloned https://github.com/*********/environment-**gke6-staging.git @ master in path /workspace/source"}

Showing logs for build [32mablazleon-environment-jxgke6-st-hnp6v-1[0m stage [32mfrom-build-pack[0m and container [32mstep-setup-builder-home[0m

Showing logs for build [32mablazleon-environment-jxgke6-st-hnp6v-1[0m stage [32mfrom-build-pack[0m and container [32mstep-git-merge[0m
Using SHAs from PULL_REFS=master:100f8a30d216dc545cabc87de2014b089b7adbc9,7:2cd9da7450747a65847d75a121ae3d510c63774f
DEBUG: LC_ALL=C JX_LOG_LEVEL=error git fetch origin --unshallow 2cd9da7450747a65847d75a121ae3d510c63774f: 100f8a30d216dc545cabc87de2014b089b7adbc9:
DEBUG: ran git fetch --unshallow origin 2cd9da7450747a65847d75a121ae3d510c63774f: 100f8a30d216dc545cabc87de2014b089b7adbc9: in 
DEBUG: LC_ALL=C JX_LOG_LEVEL=error git branch
DEBUG: LC_ALL=C JX_LOG_LEVEL=error git checkout master
DEBUG: ran git checkout master in 
DEBUG: LC_ALL=C JX_LOG_LEVEL=error git reset --hard 100f8a30d216dc545cabc87de2014b089b7adbc9
DEBUG: ran git reset --hard 100f8a30d216dc545cabc87de2014b089b7adbc9 in 
DEBUG: LC_ALL=C JX_LOG_LEVEL=error git clean -fd .
DEBUG: ran clean --force -d . in 
DEBUG: LC_ALL=C JX_LOG_LEVEL=error git merge 2cd9da7450747a65847d75a121ae3d510c63774f
DEBUG: ran git merge 2cd9da7450747a65847d75a121ae3d510c63774f in 
DEBUG: LC_ALL=C JX_LOG_LEVEL=error git log --format=%H%x1f%an%x1f%ae%x1f%cn%x1f%ce%x1f%s%n%b%x1e 100f8a30d216dc545cabc87de2014b089b7adbc9..HEAD
Merged SHA 2cd9da7450747a65847d75a121ae3d510c63774f with commit message 'chore: Promote **py to version 0.0.7' into base branch master

Showing logs for build [32mablazleon-environment-jxgke6-st-hnp6v-1[0m stage [32mfrom-build-pack[0m and container [32mstep-build-helm-build[0m
WARNING: No $CHART_REPOSITORY defined so using the default value of: http://jenkins-x-chartmuseum:8080
Adding missing Helm repo: storage.googleapis.com https://storage.googleapis.com/chartmuseum.jenkins-x.io
Successfully added Helm repository storage.googleapis.com.
Adding missing Helm repo: jenkins-x-chartmuseum http://jenkins-x-chartmuseum:8080
Successfully added Helm repository jenkins-x-chartmuseum.
WARNING: No $CHART_REPOSITORY defined so using the default value of: http://jenkins-x-chartmuseum:8080
Adding missing Helm repo: chartmuseum.jenkins-x.io http://chartmuseum.jenkins-x.io
Successfully added Helm repository chartmuseum.jenkins-x.io.
