
Showing logs for build [32mablazleon-environment-jxgke6-st-ttxln-1[0m stage [32mfrom-build-pack[0m and container [32mstep-credential-initializer-kzs9s[0m
{"level":"info","ts":1593189602.0507896,"logger":"fallback-logger","caller":"logging/config.go:69","msg":"Fetch GitHub commit ID from kodata failed: open /var/run/ko/refs/heads/0.8.0-ns-support: no such file or directory"}
{"level":"info","ts":1593189602.051505,"logger":"fallback-logger","caller":"creds-init/main.go:40","msg":"Credentials initialized."}

Showing logs for build [32mablazleon-environment-jxgke6-st-ttxln-1[0m stage [32mfrom-build-pack[0m and container [32mstep-working-dir-initializer-k4l2l[0m
{"level":"info","ts":1593189603.1259723,"logger":"fallback-logger","caller":"logging/config.go:69","msg":"Fetch GitHub commit ID from kodata failed: open /var/run/ko/HEAD: no such file or directory"}
{"level":"info","ts":1593189603.1309361,"logger":"fallback-logger","caller":"bash/main.go:64","msg":"Successfully executed command \"sh -c mkdir -p /workspace/source\"; output "}

Showing logs for build [32mablazleon-environment-jxgke6-st-ttxln-1[0m stage [32mfrom-build-pack[0m and container [32mstep-place-tools[0m

Showing logs for build [32mablazleon-environment-jxgke6-st-ttxln-1[0m stage [32mfrom-build-pack[0m and container [32mstep-git-source-ablazleon-environment-jxgke6-st-ttxln-wfdtv[0m
{"level":"info","ts":1593189609.3886294,"logger":"fallback-logger","caller":"logging/config.go:69","msg":"Fetch GitHub commit ID from kodata failed: open /var/run/ko/refs/heads/0.8.0-ns-support: no such file or directory"}
{"level":"info","ts":1593189610.5264955,"logger":"fallback-logger","caller":"git/git.go:103","msg":"Successfully cloned https://github.com/*********/environment-**gke6-staging.git @ master in path /workspace/source"}

Showing logs for build [32mablazleon-environment-jxgke6-st-ttxln-1[0m stage [32mfrom-build-pack[0m and container [32mstep-setup-builder-home[0m

Showing logs for build [32mablazleon-environment-jxgke6-st-ttxln-1[0m stage [32mfrom-build-pack[0m and container [32mstep-git-merge[0m
Using SHAs from PULL_REFS=master:f1428e61a3fed217af7b6a19020de6d730e7991c,16:1e7c6c29c14d9ce9099a73ae4970aae40517b2f8
DEBUG: LC_ALL=C JX_LOG_LEVEL=error git fetch origin --unshallow 1e7c6c29c14d9ce9099a73ae4970aae40517b2f8: f1428e61a3fed217af7b6a19020de6d730e7991c:
DEBUG: ran git fetch --unshallow origin 1e7c6c29c14d9ce9099a73ae4970aae40517b2f8: f1428e61a3fed217af7b6a19020de6d730e7991c: in 
DEBUG: JX_LOG_LEVEL=error LC_ALL=C git branch
DEBUG: JX_LOG_LEVEL=error LC_ALL=C git checkout master
DEBUG: ran git checkout master in 
DEBUG: LC_ALL=C JX_LOG_LEVEL=error git reset --hard f1428e61a3fed217af7b6a19020de6d730e7991c
DEBUG: ran git reset --hard f1428e61a3fed217af7b6a19020de6d730e7991c in 
DEBUG: LC_ALL=C JX_LOG_LEVEL=error git clean -fd .
DEBUG: ran clean --force -d . in 
DEBUG: LC_ALL=C JX_LOG_LEVEL=error git merge 1e7c6c29c14d9ce9099a73ae4970aae40517b2f8
DEBUG: ran git merge 1e7c6c29c14d9ce9099a73ae4970aae40517b2f8 in 
DEBUG: LC_ALL=C JX_LOG_LEVEL=error git log --format=%H%x1f%an%x1f%ae%x1f%cn%x1f%ce%x1f%s%n%b%x1e f1428e61a3fed217af7b6a19020de6d730e7991c..HEAD
Merged SHA 1e7c6c29c14d9ce9099a73ae4970aae40517b2f8 with commit message 'chore: Promote **py to version 0.0.25' into base branch master

Showing logs for build [32mablazleon-environment-jxgke6-st-ttxln-1[0m stage [32mfrom-build-pack[0m and container [32mstep-build-helm-build[0m
WARNING: No $CHART_REPOSITORY defined so using the default value of: http://jenkins-x-chartmuseum:8080
Adding missing Helm repo: storage.googleapis.com https://storage.googleapis.com/chartmuseum.jenkins-x.io
Successfully added Helm repository storage.googleapis.com.
Adding missing Helm repo: jenkins-x-chartmuseum http://jenkins-x-chartmuseum:8080
Successfully added Helm repository jenkins-x-chartmuseum.
WARNING: No $CHART_REPOSITORY defined so using the default value of: http://jenkins-x-chartmuseum:8080
Adding missing Helm repo: chartmuseum.jenkins-x.io http://chartmuseum.jenkins-x.io
Successfully added Helm repository chartmuseum.jenkins-x.io.
