
Showing logs for build [32mablazleon-environment-jxgke6-st-994f7-1[0m stage [32mfrom-build-pack[0m and container [32mstep-credential-initializer-8mx26[0m
{"level":"info","ts":1593178569.6630945,"logger":"fallback-logger","caller":"logging/config.go:69","msg":"Fetch GitHub commit ID from kodata failed: open /var/run/ko/refs/heads/0.8.0-ns-support: no such file or directory"}
{"level":"info","ts":1593178569.6749096,"logger":"fallback-logger","caller":"creds-init/main.go:40","msg":"Credentials initialized."}

Showing logs for build [32mablazleon-environment-jxgke6-st-994f7-1[0m stage [32mfrom-build-pack[0m and container [32mstep-working-dir-initializer-xbn5h[0m
{"level":"info","ts":1593178570.1527913,"logger":"fallback-logger","caller":"logging/config.go:69","msg":"Fetch GitHub commit ID from kodata failed: open /var/run/ko/HEAD: no such file or directory"}
{"level":"info","ts":1593178570.154199,"logger":"fallback-logger","caller":"bash/main.go:64","msg":"Successfully executed command \"sh -c mkdir -p /workspace/source\"; output "}

Showing logs for build [32mablazleon-environment-jxgke6-st-994f7-1[0m stage [32mfrom-build-pack[0m and container [32mstep-place-tools[0m

Showing logs for build [32mablazleon-environment-jxgke6-st-994f7-1[0m stage [32mfrom-build-pack[0m and container [32mstep-git-source-ablazleon-environment-jxgke6-st-994f7-l9pbz[0m
{"level":"info","ts":1593178576.4648635,"logger":"fallback-logger","caller":"logging/config.go:69","msg":"Fetch GitHub commit ID from kodata failed: open /var/run/ko/refs/heads/0.8.0-ns-support: no such file or directory"}
{"level":"info","ts":1593178577.5374165,"logger":"fallback-logger","caller":"git/git.go:103","msg":"Successfully cloned https://github.com/*********/environment-**gke6-staging.git @ master in path /workspace/source"}

Showing logs for build [32mablazleon-environment-jxgke6-st-994f7-1[0m stage [32mfrom-build-pack[0m and container [32mstep-setup-builder-home[0m

Showing logs for build [32mablazleon-environment-jxgke6-st-994f7-1[0m stage [32mfrom-build-pack[0m and container [32mstep-git-merge[0m
Using SHAs from PULL_REFS=master:101a001438799e3cc667ad3337176e0f861e2674,4:d562ac569f12dde7850b75c8b4da3bf20d555db8
DEBUG: JX_LOG_LEVEL=error LC_ALL=C git fetch origin --unshallow d562ac569f12dde7850b75c8b4da3bf20d555db8: 101a001438799e3cc667ad3337176e0f861e2674:
DEBUG: ran git fetch --unshallow origin d562ac569f12dde7850b75c8b4da3bf20d555db8: 101a001438799e3cc667ad3337176e0f861e2674: in 
DEBUG: JX_LOG_LEVEL=error LC_ALL=C git branch
DEBUG: LC_ALL=C JX_LOG_LEVEL=error git checkout master
DEBUG: ran git checkout master in 
DEBUG: LC_ALL=C JX_LOG_LEVEL=error git reset --hard 101a001438799e3cc667ad3337176e0f861e2674
DEBUG: ran git reset --hard 101a001438799e3cc667ad3337176e0f861e2674 in 
DEBUG: LC_ALL=C JX_LOG_LEVEL=error git clean -fd .
DEBUG: ran clean --force -d . in 
DEBUG: LC_ALL=C JX_LOG_LEVEL=error git merge d562ac569f12dde7850b75c8b4da3bf20d555db8
DEBUG: ran git merge d562ac569f12dde7850b75c8b4da3bf20d555db8 in 
DEBUG: LC_ALL=C JX_LOG_LEVEL=error git log --format=%H%x1f%an%x1f%ae%x1f%cn%x1f%ce%x1f%s%n%b%x1e 101a001438799e3cc667ad3337176e0f861e2674..HEAD
Merged SHA d562ac569f12dde7850b75c8b4da3bf20d555db8 with commit message 'chore: Promote **py to version 0.0.4' into base branch master

Showing logs for build [32mablazleon-environment-jxgke6-st-994f7-1[0m stage [32mfrom-build-pack[0m and container [32mstep-build-helm-build[0m
WARNING: No $CHART_REPOSITORY defined so using the default value of: http://jenkins-x-chartmuseum:8080
Adding missing Helm repo: storage.googleapis.com https://storage.googleapis.com/chartmuseum.jenkins-x.io
Successfully added Helm repository storage.googleapis.com.
Adding missing Helm repo: jenkins-x-chartmuseum http://jenkins-x-chartmuseum:8080
Successfully added Helm repository jenkins-x-chartmuseum.
WARNING: No $CHART_REPOSITORY defined so using the default value of: http://jenkins-x-chartmuseum:8080
Adding missing Helm repo: chartmuseum.jenkins-x.io http://chartmuseum.jenkins-x.io
Successfully added Helm repository chartmuseum.jenkins-x.io.
