
Showing logs for build [32mablazleon-environment-jxgke6-st-5cmcq-1[0m stage [32mfrom-build-pack[0m and container [32mstep-credential-initializer-kzc42[0m
{"level":"info","ts":1593178699.638072,"logger":"fallback-logger","caller":"logging/config.go:69","msg":"Fetch GitHub commit ID from kodata failed: open /var/run/ko/refs/heads/0.8.0-ns-support: no such file or directory"}
{"level":"info","ts":1593178699.6388638,"logger":"fallback-logger","caller":"creds-init/main.go:40","msg":"Credentials initialized."}

Showing logs for build [32mablazleon-environment-jxgke6-st-5cmcq-1[0m stage [32mfrom-build-pack[0m and container [32mstep-working-dir-initializer-sj7wv[0m
{"level":"info","ts":1593178700.6096902,"logger":"fallback-logger","caller":"logging/config.go:69","msg":"Fetch GitHub commit ID from kodata failed: open /var/run/ko/HEAD: no such file or directory"}
{"level":"info","ts":1593178700.6108632,"logger":"fallback-logger","caller":"bash/main.go:64","msg":"Successfully executed command \"sh -c mkdir -p /workspace/source\"; output "}

Showing logs for build [32mablazleon-environment-jxgke6-st-5cmcq-1[0m stage [32mfrom-build-pack[0m and container [32mstep-place-tools[0m

Showing logs for build [32mablazleon-environment-jxgke6-st-5cmcq-1[0m stage [32mfrom-build-pack[0m and container [32mstep-git-source-ablazleon-environment-jxgke6-st-5cmcq-pz27w[0m
{"level":"info","ts":1593178726.7658994,"logger":"fallback-logger","caller":"logging/config.go:69","msg":"Fetch GitHub commit ID from kodata failed: open /var/run/ko/refs/heads/0.8.0-ns-support: no such file or directory"}
{"level":"info","ts":1593178727.8394144,"logger":"fallback-logger","caller":"git/git.go:103","msg":"Successfully cloned https://github.com/*********/environment-**gke6-staging.git @ master in path /workspace/source"}

Showing logs for build [32mablazleon-environment-jxgke6-st-5cmcq-1[0m stage [32mfrom-build-pack[0m and container [32mstep-setup-builder-home[0m

Showing logs for build [32mablazleon-environment-jxgke6-st-5cmcq-1[0m stage [32mfrom-build-pack[0m and container [32mstep-git-merge[0m
Using SHAs from PULL_REFS=master:a70bd6434e6525db851ddd9d94b228330923aa2f,5:2af35441fb00a557ff066efa6f4f22100005795f
DEBUG: LC_ALL=C JX_LOG_LEVEL=error git fetch origin --unshallow 2af35441fb00a557ff066efa6f4f22100005795f: a70bd6434e6525db851ddd9d94b228330923aa2f:
DEBUG: ran git fetch --unshallow origin 2af35441fb00a557ff066efa6f4f22100005795f: a70bd6434e6525db851ddd9d94b228330923aa2f: in 
DEBUG: LC_ALL=C JX_LOG_LEVEL=error git branch
DEBUG: LC_ALL=C JX_LOG_LEVEL=error git checkout master
DEBUG: ran git checkout master in 
DEBUG: LC_ALL=C JX_LOG_LEVEL=error git reset --hard a70bd6434e6525db851ddd9d94b228330923aa2f
DEBUG: ran git reset --hard a70bd6434e6525db851ddd9d94b228330923aa2f in 
DEBUG: LC_ALL=C JX_LOG_LEVEL=error git clean -fd .
DEBUG: ran clean --force -d . in 
DEBUG: LC_ALL=C JX_LOG_LEVEL=error git merge 2af35441fb00a557ff066efa6f4f22100005795f
DEBUG: ran git merge 2af35441fb00a557ff066efa6f4f22100005795f in 
DEBUG: JX_LOG_LEVEL=error LC_ALL=C git log --format=%H%x1f%an%x1f%ae%x1f%cn%x1f%ce%x1f%s%n%b%x1e a70bd6434e6525db851ddd9d94b228330923aa2f..HEAD
Merged SHA 2af35441fb00a557ff066efa6f4f22100005795f with commit message 'chore: Promote **py to version 0.0.5' into base branch master

Showing logs for build [32mablazleon-environment-jxgke6-st-5cmcq-1[0m stage [32mfrom-build-pack[0m and container [32mstep-build-helm-build[0m
WARNING: No $CHART_REPOSITORY defined so using the default value of: http://jenkins-x-chartmuseum:8080
Adding missing Helm repo: storage.googleapis.com https://storage.googleapis.com/chartmuseum.jenkins-x.io
Successfully added Helm repository storage.googleapis.com.
Adding missing Helm repo: jenkins-x-chartmuseum http://jenkins-x-chartmuseum:8080
Successfully added Helm repository jenkins-x-chartmuseum.
WARNING: No $CHART_REPOSITORY defined so using the default value of: http://jenkins-x-chartmuseum:8080
Adding missing Helm repo: chartmuseum.jenkins-x.io http://chartmuseum.jenkins-x.io
Successfully added Helm repository chartmuseum.jenkins-x.io.
