
Showing logs for build [32mablazleon-environment-jxgke6-st-hc9xw-1[0m stage [32mfrom-build-pack[0m and container [32mstep-credential-initializer-bs6tm[0m
{"level":"info","ts":1593190045.350261,"logger":"fallback-logger","caller":"logging/config.go:69","msg":"Fetch GitHub commit ID from kodata failed: open /var/run/ko/refs/heads/0.8.0-ns-support: no such file or directory"}
{"level":"info","ts":1593190045.3528492,"logger":"fallback-logger","caller":"creds-init/main.go:40","msg":"Credentials initialized."}

Showing logs for build [32mablazleon-environment-jxgke6-st-hc9xw-1[0m stage [32mfrom-build-pack[0m and container [32mstep-working-dir-initializer-9q8qp[0m
{"level":"info","ts":1593190046.878141,"logger":"fallback-logger","caller":"logging/config.go:69","msg":"Fetch GitHub commit ID from kodata failed: open /var/run/ko/HEAD: no such file or directory"}
{"level":"info","ts":1593190046.8799958,"logger":"fallback-logger","caller":"bash/main.go:64","msg":"Successfully executed command \"sh -c mkdir -p /workspace/source\"; output "}

Showing logs for build [32mablazleon-environment-jxgke6-st-hc9xw-1[0m stage [32mfrom-build-pack[0m and container [32mstep-place-tools[0m

Showing logs for build [32mablazleon-environment-jxgke6-st-hc9xw-1[0m stage [32mfrom-build-pack[0m and container [32mstep-git-source-ablazleon-environment-jxgke6-st-hc9xw-kfcth[0m
{"level":"info","ts":1593190053.0816088,"logger":"fallback-logger","caller":"logging/config.go:69","msg":"Fetch GitHub commit ID from kodata failed: open /var/run/ko/refs/heads/0.8.0-ns-support: no such file or directory"}
{"level":"info","ts":1593190054.1756814,"logger":"fallback-logger","caller":"git/git.go:103","msg":"Successfully cloned https://github.com/*********/environment-**gke6-staging.git @ master in path /workspace/source"}

Showing logs for build [32mablazleon-environment-jxgke6-st-hc9xw-1[0m stage [32mfrom-build-pack[0m and container [32mstep-setup-builder-home[0m

Showing logs for build [32mablazleon-environment-jxgke6-st-hc9xw-1[0m stage [32mfrom-build-pack[0m and container [32mstep-git-merge[0m
Using SHAs from PULL_REFS=master:87082dc5035f0e7b69e9707a0a64996ad58de125,17:2cdd9e1464a43f704625b6c980d13fc334057859
DEBUG: LC_ALL=C JX_LOG_LEVEL=error git fetch origin --unshallow 2cdd9e1464a43f704625b6c980d13fc334057859: 87082dc5035f0e7b69e9707a0a64996ad58de125:
DEBUG: ran git fetch --unshallow origin 2cdd9e1464a43f704625b6c980d13fc334057859: 87082dc5035f0e7b69e9707a0a64996ad58de125: in 
DEBUG: LC_ALL=C JX_LOG_LEVEL=error git branch
DEBUG: LC_ALL=C JX_LOG_LEVEL=error git checkout master
DEBUG: ran git checkout master in 
DEBUG: JX_LOG_LEVEL=error LC_ALL=C git reset --hard 87082dc5035f0e7b69e9707a0a64996ad58de125
DEBUG: ran git reset --hard 87082dc5035f0e7b69e9707a0a64996ad58de125 in 
DEBUG: LC_ALL=C JX_LOG_LEVEL=error git clean -fd .
DEBUG: ran clean --force -d . in 
DEBUG: LC_ALL=C JX_LOG_LEVEL=error git merge 2cdd9e1464a43f704625b6c980d13fc334057859
DEBUG: ran git merge 2cdd9e1464a43f704625b6c980d13fc334057859 in 
DEBUG: LC_ALL=C JX_LOG_LEVEL=error git log --format=%H%x1f%an%x1f%ae%x1f%cn%x1f%ce%x1f%s%n%b%x1e 87082dc5035f0e7b69e9707a0a64996ad58de125..HEAD
Merged SHA 2cdd9e1464a43f704625b6c980d13fc334057859 with commit message 'chore: Promote **py to version 0.0.26' into base branch master

Showing logs for build [32mablazleon-environment-jxgke6-st-hc9xw-1[0m stage [32mfrom-build-pack[0m and container [32mstep-build-helm-build[0m
WARNING: No $CHART_REPOSITORY defined so using the default value of: http://jenkins-x-chartmuseum:8080
Adding missing Helm repo: storage.googleapis.com https://storage.googleapis.com/chartmuseum.jenkins-x.io
Successfully added Helm repository storage.googleapis.com.
Adding missing Helm repo: jenkins-x-chartmuseum http://jenkins-x-chartmuseum:8080
Successfully added Helm repository jenkins-x-chartmuseum.
WARNING: No $CHART_REPOSITORY defined so using the default value of: http://jenkins-x-chartmuseum:8080
Adding missing Helm repo: chartmuseum.jenkins-x.io http://chartmuseum.jenkins-x.io
Successfully added Helm repository chartmuseum.jenkins-x.io.
