
Showing logs for build [32mablazleon-environment-jxgke6-st-n8z2t-1[0m stage [32mfrom-build-pack[0m and container [32mstep-credential-initializer-mwdjg[0m
{"level":"info","ts":1593184038.9438658,"logger":"fallback-logger","caller":"logging/config.go:69","msg":"Fetch GitHub commit ID from kodata failed: open /var/run/ko/refs/heads/0.8.0-ns-support: no such file or directory"}
{"level":"info","ts":1593184038.944938,"logger":"fallback-logger","caller":"creds-init/main.go:40","msg":"Credentials initialized."}

Showing logs for build [32mablazleon-environment-jxgke6-st-n8z2t-1[0m stage [32mfrom-build-pack[0m and container [32mstep-working-dir-initializer-hgjw6[0m
{"level":"info","ts":1593184040.4326067,"logger":"fallback-logger","caller":"logging/config.go:69","msg":"Fetch GitHub commit ID from kodata failed: open /var/run/ko/HEAD: no such file or directory"}
{"level":"info","ts":1593184040.4374933,"logger":"fallback-logger","caller":"bash/main.go:64","msg":"Successfully executed command \"sh -c mkdir -p /workspace/source\"; output "}

Showing logs for build [32mablazleon-environment-jxgke6-st-n8z2t-1[0m stage [32mfrom-build-pack[0m and container [32mstep-place-tools[0m

Showing logs for build [32mablazleon-environment-jxgke6-st-n8z2t-1[0m stage [32mfrom-build-pack[0m and container [32mstep-git-source-ablazleon-environment-jxgke6-st-n8z2t-7tmhz[0m
{"level":"info","ts":1593184046.5681136,"logger":"fallback-logger","caller":"logging/config.go:69","msg":"Fetch GitHub commit ID from kodata failed: open /var/run/ko/refs/heads/0.8.0-ns-support: no such file or directory"}
{"level":"info","ts":1593184047.7197564,"logger":"fallback-logger","caller":"git/git.go:103","msg":"Successfully cloned https://github.com/*********/environment-**gke6-staging.git @ master in path /workspace/source"}

Showing logs for build [32mablazleon-environment-jxgke6-st-n8z2t-1[0m stage [32mfrom-build-pack[0m and container [32mstep-setup-builder-home[0m

Showing logs for build [32mablazleon-environment-jxgke6-st-n8z2t-1[0m stage [32mfrom-build-pack[0m and container [32mstep-git-merge[0m
Using SHAs from PULL_REFS=master:dee324a1ef703fe71a487114b7d1d36dc34b691e,9:0bc13890e705a29a86355fca2ccc4161eb1e9de7
DEBUG: LC_ALL=C JX_LOG_LEVEL=error git fetch origin --unshallow 0bc13890e705a29a86355fca2ccc4161eb1e9de7: dee324a1ef703fe71a487114b7d1d36dc34b691e:
DEBUG: ran git fetch --unshallow origin 0bc13890e705a29a86355fca2ccc4161eb1e9de7: dee324a1ef703fe71a487114b7d1d36dc34b691e: in 
DEBUG: LC_ALL=C JX_LOG_LEVEL=error git branch
DEBUG: JX_LOG_LEVEL=error LC_ALL=C git checkout master
DEBUG: ran git checkout master in 
DEBUG: JX_LOG_LEVEL=error LC_ALL=C git reset --hard dee324a1ef703fe71a487114b7d1d36dc34b691e
DEBUG: ran git reset --hard dee324a1ef703fe71a487114b7d1d36dc34b691e in 
DEBUG: LC_ALL=C JX_LOG_LEVEL=error git clean -fd .
DEBUG: ran clean --force -d . in 
DEBUG: LC_ALL=C JX_LOG_LEVEL=error git merge 0bc13890e705a29a86355fca2ccc4161eb1e9de7
DEBUG: ran git merge 0bc13890e705a29a86355fca2ccc4161eb1e9de7 in 
DEBUG: LC_ALL=C JX_LOG_LEVEL=error git log --format=%H%x1f%an%x1f%ae%x1f%cn%x1f%ce%x1f%s%n%b%x1e dee324a1ef703fe71a487114b7d1d36dc34b691e..HEAD
Merged SHA 0bc13890e705a29a86355fca2ccc4161eb1e9de7 with commit message 'chore: Promote **py to version 0.0.9' into base branch master

Showing logs for build [32mablazleon-environment-jxgke6-st-n8z2t-1[0m stage [32mfrom-build-pack[0m and container [32mstep-build-helm-build[0m
WARNING: No $CHART_REPOSITORY defined so using the default value of: http://jenkins-x-chartmuseum:8080
Adding missing Helm repo: storage.googleapis.com https://storage.googleapis.com/chartmuseum.jenkins-x.io
Successfully added Helm repository storage.googleapis.com.
Adding missing Helm repo: jenkins-x-chartmuseum http://jenkins-x-chartmuseum:8080
Successfully added Helm repository jenkins-x-chartmuseum.
WARNING: No $CHART_REPOSITORY defined so using the default value of: http://jenkins-x-chartmuseum:8080
Adding missing Helm repo: chartmuseum.jenkins-x.io http://chartmuseum.jenkins-x.io
Successfully added Helm repository chartmuseum.jenkins-x.io.
