
Showing logs for build [32mablazleon-environment-jxgke6-st-spt2b-13[0m stage [32mfrom-build-pack[0m and container [32mstep-credential-initializer-ptn4v[0m
{"level":"info","ts":1593188138.115154,"logger":"fallback-logger","caller":"logging/config.go:69","msg":"Fetch GitHub commit ID from kodata failed: open /var/run/ko/refs/heads/0.8.0-ns-support: no such file or directory"}
{"level":"info","ts":1593188138.115819,"logger":"fallback-logger","caller":"creds-init/main.go:40","msg":"Credentials initialized."}

Showing logs for build [32mablazleon-environment-jxgke6-st-spt2b-13[0m stage [32mfrom-build-pack[0m and container [32mstep-working-dir-initializer-t86px[0m
{"level":"info","ts":1593188139.2797403,"logger":"fallback-logger","caller":"logging/config.go:69","msg":"Fetch GitHub commit ID from kodata failed: open /var/run/ko/HEAD: no such file or directory"}
{"level":"info","ts":1593188139.2857933,"logger":"fallback-logger","caller":"bash/main.go:64","msg":"Successfully executed command \"sh -c mkdir -p /workspace/source\"; output "}

Showing logs for build [32mablazleon-environment-jxgke6-st-spt2b-13[0m stage [32mfrom-build-pack[0m and container [32mstep-place-tools[0m

Showing logs for build [32mablazleon-environment-jxgke6-st-spt2b-13[0m stage [32mfrom-build-pack[0m and container [32mstep-git-source-ablazleon-environment-jxgke6-st-spt2b-mzv6z[0m
{"level":"info","ts":1593188145.8068006,"logger":"fallback-logger","caller":"logging/config.go:69","msg":"Fetch GitHub commit ID from kodata failed: open /var/run/ko/refs/heads/0.8.0-ns-support: no such file or directory"}
{"level":"info","ts":1593188146.9093513,"logger":"fallback-logger","caller":"git/git.go:103","msg":"Successfully cloned https://github.com/*********/environment-**gke6-staging.git @ v0.0.13 in path /workspace/source"}

Showing logs for build [32mablazleon-environment-jxgke6-st-spt2b-13[0m stage [32mfrom-build-pack[0m and container [32mstep-setup-builder-home[0m

Showing logs for build [32mablazleon-environment-jxgke6-st-spt2b-13[0m stage [32mfrom-build-pack[0m and container [32mstep-git-merge[0m
Using SHAs from PULL_REFS=master:9701737cac4a8357a04816e64610d1be8600b4f4
WARNING: no SHAs to merge, falling back to initial cloned commit

Showing logs for build [32mablazleon-environment-jxgke6-st-spt2b-13[0m stage [32mfrom-build-pack[0m and container [32mstep-setup-jx-git-credentials[0m
Generated Git credentials file /builder/home/git/credentials

Showing logs for build [32mablazleon-environment-jxgke6-st-spt2b-13[0m stage [32mfrom-build-pack[0m and container [32mstep-build-helm-apply[0m
Modified file /workspace/source/env/Chart.yaml to set the chart to version 13
creating the lock configmap **-lock-**-staging
lock configmap **-lock-**-staging created
Ignoring templates/.gitignore
Ignoring templates/wildcardcert-secret.yaml
WARNING: No $CHART_REPOSITORY defined so using the default value of: http://jenkins-x-chartmuseum:8080
Adding missing Helm repo: storage.googleapis.com https://storage.googleapis.com/chartmuseum.jenkins-x.io
Successfully added Helm repository storage.googleapis.com.
Adding missing Helm repo: jenkins-x-chartmuseum http://jenkins-x-chartmuseum:8080
Successfully added Helm repository jenkins-x-chartmuseum.
WARNING: No $CHART_REPOSITORY defined so using the default value of: http://jenkins-x-chartmuseum:8080
Adding missing Helm repo: chartmuseum.jenkins-x.io http://chartmuseum.jenkins-x.io
Successfully added Helm repository chartmuseum.jenkins-x.io.

release.jenkins.io "**py-0.0.21" deleted
cleaning the lock configmap **-lock-**-staging
