
Showing logs for build [32mablazleon-environment-jxgke6-st-xghsr-1[0m stage [32mfrom-build-pack[0m and container [32mstep-credential-initializer-dgtrx[0m
{"level":"info","ts":1593209240.1003947,"logger":"fallback-logger","caller":"logging/config.go:69","msg":"Fetch GitHub commit ID from kodata failed: open /var/run/ko/refs/heads/0.8.0-ns-support: no such file or directory"}
{"level":"info","ts":1593209240.1009228,"logger":"fallback-logger","caller":"creds-init/main.go:40","msg":"Credentials initialized."}

Showing logs for build [32mablazleon-environment-jxgke6-st-xghsr-1[0m stage [32mfrom-build-pack[0m and container [32mstep-working-dir-initializer-92vgv[0m
{"level":"info","ts":1593209240.9151764,"logger":"fallback-logger","caller":"logging/config.go:69","msg":"Fetch GitHub commit ID from kodata failed: open /var/run/ko/HEAD: no such file or directory"}
{"level":"info","ts":1593209240.9166708,"logger":"fallback-logger","caller":"bash/main.go:64","msg":"Successfully executed command \"sh -c mkdir -p /workspace/source\"; output "}

Showing logs for build [32mablazleon-environment-jxgke6-st-xghsr-1[0m stage [32mfrom-build-pack[0m and container [32mstep-place-tools[0m

Showing logs for build [32mablazleon-environment-jxgke6-st-xghsr-1[0m stage [32mfrom-build-pack[0m and container [32mstep-git-source-ablazleon-environment-jxgke6-st-xghsr-pftqb[0m
{"level":"info","ts":1593209247.1838355,"logger":"fallback-logger","caller":"logging/config.go:69","msg":"Fetch GitHub commit ID from kodata failed: open /var/run/ko/refs/heads/0.8.0-ns-support: no such file or directory"}
{"level":"info","ts":1593209248.304236,"logger":"fallback-logger","caller":"git/git.go:103","msg":"Successfully cloned https://github.com/*********/environment-**gke6-staging.git @ master in path /workspace/source"}

Showing logs for build [32mablazleon-environment-jxgke6-st-xghsr-1[0m stage [32mfrom-build-pack[0m and container [32mstep-setup-builder-home[0m

Showing logs for build [32mablazleon-environment-jxgke6-st-xghsr-1[0m stage [32mfrom-build-pack[0m and container [32mstep-git-merge[0m
Using SHAs from PULL_REFS=master:d29e40ef85ede6efd72e8407bb72550e00bd497d,24:4f1a02330d20d5a37559463a15c9f94eab238582
DEBUG: LC_ALL=C JX_LOG_LEVEL=error git fetch origin --unshallow 4f1a02330d20d5a37559463a15c9f94eab238582: d29e40ef85ede6efd72e8407bb72550e00bd497d:
DEBUG: ran git fetch --unshallow origin 4f1a02330d20d5a37559463a15c9f94eab238582: d29e40ef85ede6efd72e8407bb72550e00bd497d: in 
DEBUG: LC_ALL=C JX_LOG_LEVEL=error git branch
DEBUG: LC_ALL=C JX_LOG_LEVEL=error git checkout master
DEBUG: ran git checkout master in 
DEBUG: LC_ALL=C JX_LOG_LEVEL=error git reset --hard d29e40ef85ede6efd72e8407bb72550e00bd497d
DEBUG: ran git reset --hard d29e40ef85ede6efd72e8407bb72550e00bd497d in 
DEBUG: LC_ALL=C JX_LOG_LEVEL=error git clean -fd .
DEBUG: ran clean --force -d . in 
DEBUG: LC_ALL=C JX_LOG_LEVEL=error git merge 4f1a02330d20d5a37559463a15c9f94eab238582
DEBUG: ran git merge 4f1a02330d20d5a37559463a15c9f94eab238582 in 
DEBUG: JX_LOG_LEVEL=error LC_ALL=C git log --format=%H%x1f%an%x1f%ae%x1f%cn%x1f%ce%x1f%s%n%b%x1e d29e40ef85ede6efd72e8407bb72550e00bd497d..HEAD
Merged SHA 4f1a02330d20d5a37559463a15c9f94eab238582 with commit message 'chore: Promote **py to version 0.0.33' into base branch master

Showing logs for build [32mablazleon-environment-jxgke6-st-xghsr-1[0m stage [32mfrom-build-pack[0m and container [32mstep-build-helm-build[0m
WARNING: No $CHART_REPOSITORY defined so using the default value of: http://jenkins-x-chartmuseum:8080
Adding missing Helm repo: storage.googleapis.com https://storage.googleapis.com/chartmuseum.jenkins-x.io
Successfully added Helm repository storage.googleapis.com.
Adding missing Helm repo: jenkins-x-chartmuseum http://jenkins-x-chartmuseum:8080
Successfully added Helm repository jenkins-x-chartmuseum.
WARNING: No $CHART_REPOSITORY defined so using the default value of: http://jenkins-x-chartmuseum:8080
Adding missing Helm repo: chartmuseum.jenkins-x.io http://chartmuseum.jenkins-x.io
Successfully added Helm repository chartmuseum.jenkins-x.io.
