
Showing logs for build [32mablazleon-environment-jxgke6-st-6q7z8-1[0m stage [32mfrom-build-pack[0m and container [32mstep-credential-initializer-t9895[0m
{"level":"info","ts":1593175259.87411,"logger":"fallback-logger","caller":"logging/config.go:69","msg":"Fetch GitHub commit ID from kodata failed: open /var/run/ko/refs/heads/0.8.0-ns-support: no such file or directory"}
{"level":"info","ts":1593175259.8749893,"logger":"fallback-logger","caller":"creds-init/main.go:40","msg":"Credentials initialized."}

Showing logs for build [32mablazleon-environment-jxgke6-st-6q7z8-1[0m stage [32mfrom-build-pack[0m and container [32mstep-working-dir-initializer-88rw4[0m
{"level":"info","ts":1593175261.2513793,"logger":"fallback-logger","caller":"logging/config.go:69","msg":"Fetch GitHub commit ID from kodata failed: open /var/run/ko/HEAD: no such file or directory"}
{"level":"info","ts":1593175261.2581396,"logger":"fallback-logger","caller":"bash/main.go:64","msg":"Successfully executed command \"sh -c mkdir -p /workspace/source\"; output "}

Showing logs for build [32mablazleon-environment-jxgke6-st-6q7z8-1[0m stage [32mfrom-build-pack[0m and container [32mstep-place-tools[0m

Showing logs for build [32mablazleon-environment-jxgke6-st-6q7z8-1[0m stage [32mfrom-build-pack[0m and container [32mstep-git-source-ablazleon-environment-jxgke6-st-6q7z8-k2pnq[0m
{"level":"info","ts":1593175267.5198045,"logger":"fallback-logger","caller":"logging/config.go:69","msg":"Fetch GitHub commit ID from kodata failed: open /var/run/ko/refs/heads/0.8.0-ns-support: no such file or directory"}
{"level":"info","ts":1593175268.7302115,"logger":"fallback-logger","caller":"git/git.go:103","msg":"Successfully cloned https://github.com/*********/environment-**gke6-staging.git @ master in path /workspace/source"}

Showing logs for build [32mablazleon-environment-jxgke6-st-6q7z8-1[0m stage [32mfrom-build-pack[0m and container [32mstep-setup-builder-home[0m

Showing logs for build [32mablazleon-environment-jxgke6-st-6q7z8-1[0m stage [32mfrom-build-pack[0m and container [32mstep-git-merge[0m
Using SHAs from PULL_REFS=master:8e8f50230983c3f22c587b68bd604511ac61d28b,2:d48ecbe3881dfd83387473e3c6b3245fa9ffad29
DEBUG: LC_ALL=C JX_LOG_LEVEL=error git fetch origin --unshallow d48ecbe3881dfd83387473e3c6b3245fa9ffad29: 8e8f50230983c3f22c587b68bd604511ac61d28b:
DEBUG: ran git fetch --unshallow origin d48ecbe3881dfd83387473e3c6b3245fa9ffad29: 8e8f50230983c3f22c587b68bd604511ac61d28b: in 
DEBUG: LC_ALL=C JX_LOG_LEVEL=error git branch
DEBUG: LC_ALL=C JX_LOG_LEVEL=error git checkout master
DEBUG: ran git checkout master in 
DEBUG: LC_ALL=C JX_LOG_LEVEL=error git reset --hard 8e8f50230983c3f22c587b68bd604511ac61d28b
DEBUG: ran git reset --hard 8e8f50230983c3f22c587b68bd604511ac61d28b in 
DEBUG: LC_ALL=C JX_LOG_LEVEL=error git clean -fd .
DEBUG: ran clean --force -d . in 
DEBUG: LC_ALL=C JX_LOG_LEVEL=error git merge d48ecbe3881dfd83387473e3c6b3245fa9ffad29
DEBUG: ran git merge d48ecbe3881dfd83387473e3c6b3245fa9ffad29 in 
DEBUG: LC_ALL=C JX_LOG_LEVEL=error git log --format=%H%x1f%an%x1f%ae%x1f%cn%x1f%ce%x1f%s%n%b%x1e 8e8f50230983c3f22c587b68bd604511ac61d28b..HEAD
Merged SHA d48ecbe3881dfd83387473e3c6b3245fa9ffad29 with commit message 'chore: Promote **py to version 0.0.2' into base branch master

Showing logs for build [32mablazleon-environment-jxgke6-st-6q7z8-1[0m stage [32mfrom-build-pack[0m and container [32mstep-build-helm-build[0m
WARNING: No $CHART_REPOSITORY defined so using the default value of: http://jenkins-x-chartmuseum:8080
Adding missing Helm repo: storage.googleapis.com https://storage.googleapis.com/chartmuseum.jenkins-x.io
Successfully added Helm repository storage.googleapis.com.
Adding missing Helm repo: jenkins-x-chartmuseum http://jenkins-x-chartmuseum:8080
Successfully added Helm repository jenkins-x-chartmuseum.
WARNING: No $CHART_REPOSITORY defined so using the default value of: http://jenkins-x-chartmuseum:8080
Adding missing Helm repo: chartmuseum.jenkins-x.io http://chartmuseum.jenkins-x.io
Successfully added Helm repository chartmuseum.jenkins-x.io.
