
Showing logs for build [32mablazleon-environment-jxgke6-st-pl5z9-1[0m stage [32mfrom-build-pack[0m and container [32mstep-credential-initializer-g4pw9[0m
{"level":"info","ts":1593174435.230437,"logger":"fallback-logger","caller":"logging/config.go:69","msg":"Fetch GitHub commit ID from kodata failed: open /var/run/ko/refs/heads/0.8.0-ns-support: no such file or directory"}
{"level":"info","ts":1593174435.235094,"logger":"fallback-logger","caller":"creds-init/main.go:40","msg":"Credentials initialized."}

Showing logs for build [32mablazleon-environment-jxgke6-st-pl5z9-1[0m stage [32mfrom-build-pack[0m and container [32mstep-working-dir-initializer-zrp2r[0m
{"level":"info","ts":1593174437.2684135,"logger":"fallback-logger","caller":"logging/config.go:69","msg":"Fetch GitHub commit ID from kodata failed: open /var/run/ko/HEAD: no such file or directory"}
{"level":"info","ts":1593174437.2754788,"logger":"fallback-logger","caller":"bash/main.go:64","msg":"Successfully executed command \"sh -c mkdir -p /workspace/source\"; output "}

Showing logs for build [32mablazleon-environment-jxgke6-st-pl5z9-1[0m stage [32mfrom-build-pack[0m and container [32mstep-place-tools[0m

Showing logs for build [32mablazleon-environment-jxgke6-st-pl5z9-1[0m stage [32mfrom-build-pack[0m and container [32mstep-git-source-ablazleon-environment-jxgke6-st-pl5z9-4fhtx[0m
{"level":"info","ts":1593174445.6352465,"logger":"fallback-logger","caller":"logging/config.go:69","msg":"Fetch GitHub commit ID from kodata failed: open /var/run/ko/refs/heads/0.8.0-ns-support: no such file or directory"}
{"level":"info","ts":1593174452.5922313,"logger":"fallback-logger","caller":"git/git.go:103","msg":"Successfully cloned https://github.com/*********/environment-**gke6-staging.git @ master in path /workspace/source"}

Showing logs for build [32mablazleon-environment-jxgke6-st-pl5z9-1[0m stage [32mfrom-build-pack[0m and container [32mstep-setup-builder-home[0m

Showing logs for build [32mablazleon-environment-jxgke6-st-pl5z9-1[0m stage [32mfrom-build-pack[0m and container [32mstep-git-merge[0m
Using SHAs from PULL_REFS=master:527bed6471f038b95c1468459627b1399df96690,1:bf6bbc54ffd99c47df0be8e634cfa077ea6713ea
DEBUG: LC_ALL=C JX_LOG_LEVEL=error git fetch origin --unshallow bf6bbc54ffd99c47df0be8e634cfa077ea6713ea: 527bed6471f038b95c1468459627b1399df96690:
DEBUG: ran git fetch --unshallow origin bf6bbc54ffd99c47df0be8e634cfa077ea6713ea: 527bed6471f038b95c1468459627b1399df96690: in 
DEBUG: LC_ALL=C JX_LOG_LEVEL=error git branch
DEBUG: LC_ALL=C JX_LOG_LEVEL=error git checkout master
DEBUG: ran git checkout master in 
DEBUG: LC_ALL=C JX_LOG_LEVEL=error git reset --hard 527bed6471f038b95c1468459627b1399df96690
DEBUG: ran git reset --hard 527bed6471f038b95c1468459627b1399df96690 in 
DEBUG: LC_ALL=C JX_LOG_LEVEL=error git clean -fd .
DEBUG: ran clean --force -d . in 
DEBUG: LC_ALL=C JX_LOG_LEVEL=error git merge bf6bbc54ffd99c47df0be8e634cfa077ea6713ea
DEBUG: ran git merge bf6bbc54ffd99c47df0be8e634cfa077ea6713ea in 
DEBUG: JX_LOG_LEVEL=error LC_ALL=C git log --format=%H%x1f%an%x1f%ae%x1f%cn%x1f%ce%x1f%s%n%b%x1e 527bed6471f038b95c1468459627b1399df96690..HEAD
Merged SHA bf6bbc54ffd99c47df0be8e634cfa077ea6713ea with commit message 'chore: Promote **py to version 0.0.1' into base branch master

Showing logs for build [32mablazleon-environment-jxgke6-st-pl5z9-1[0m stage [32mfrom-build-pack[0m and container [32mstep-build-helm-build[0m
WARNING: No $CHART_REPOSITORY defined so using the default value of: http://jenkins-x-chartmuseum:8080
Adding missing Helm repo: storage.googleapis.com https://storage.googleapis.com/chartmuseum.jenkins-x.io
Successfully added Helm repository storage.googleapis.com.
Adding missing Helm repo: jenkins-x-chartmuseum http://jenkins-x-chartmuseum:8080
Successfully added Helm repository jenkins-x-chartmuseum.
WARNING: No $CHART_REPOSITORY defined so using the default value of: http://jenkins-x-chartmuseum:8080
Adding missing Helm repo: chartmuseum.jenkins-x.io http://chartmuseum.jenkins-x.io
Successfully added Helm repository chartmuseum.jenkins-x.io.
