
Showing logs for build [32mablazleon-environment-jxgke6-st-p7542-1[0m stage [32mfrom-build-pack[0m and container [32mstep-credential-initializer-klbz8[0m
{"level":"info","ts":1593203026.4243941,"logger":"fallback-logger","caller":"logging/config.go:69","msg":"Fetch GitHub commit ID from kodata failed: open /var/run/ko/refs/heads/0.8.0-ns-support: no such file or directory"}
{"level":"info","ts":1593203026.4411561,"logger":"fallback-logger","caller":"creds-init/main.go:40","msg":"Credentials initialized."}

Showing logs for build [32mablazleon-environment-jxgke6-st-p7542-1[0m stage [32mfrom-build-pack[0m and container [32mstep-working-dir-initializer-6htbc[0m
{"level":"info","ts":1593203026.8788455,"logger":"fallback-logger","caller":"logging/config.go:69","msg":"Fetch GitHub commit ID from kodata failed: open /var/run/ko/HEAD: no such file or directory"}
{"level":"info","ts":1593203026.880365,"logger":"fallback-logger","caller":"bash/main.go:64","msg":"Successfully executed command \"sh -c mkdir -p /workspace/source\"; output "}

Showing logs for build [32mablazleon-environment-jxgke6-st-p7542-1[0m stage [32mfrom-build-pack[0m and container [32mstep-place-tools[0m

Showing logs for build [32mablazleon-environment-jxgke6-st-p7542-1[0m stage [32mfrom-build-pack[0m and container [32mstep-git-source-ablazleon-environment-jxgke6-st-p7542-7kv89[0m
{"level":"info","ts":1593203031.4177327,"logger":"fallback-logger","caller":"logging/config.go:69","msg":"Fetch GitHub commit ID from kodata failed: open /var/run/ko/refs/heads/0.8.0-ns-support: no such file or directory"}
{"level":"info","ts":1593203032.5029953,"logger":"fallback-logger","caller":"git/git.go:103","msg":"Successfully cloned https://github.com/*********/environment-**gke6-staging.git @ master in path /workspace/source"}

Showing logs for build [32mablazleon-environment-jxgke6-st-p7542-1[0m stage [32mfrom-build-pack[0m and container [32mstep-setup-builder-home[0m

Showing logs for build [32mablazleon-environment-jxgke6-st-p7542-1[0m stage [32mfrom-build-pack[0m and container [32mstep-git-merge[0m
Using SHAs from PULL_REFS=master:e61ab13cd461794af350f578107e3a877742caa8,21:30b43bc800ba43007021d58213b82cce23eac25c
DEBUG: LC_ALL=C JX_LOG_LEVEL=error git fetch origin --unshallow 30b43bc800ba43007021d58213b82cce23eac25c: e61ab13cd461794af350f578107e3a877742caa8:
DEBUG: ran git fetch --unshallow origin 30b43bc800ba43007021d58213b82cce23eac25c: e61ab13cd461794af350f578107e3a877742caa8: in 
DEBUG: JX_LOG_LEVEL=error LC_ALL=C git branch
DEBUG: LC_ALL=C JX_LOG_LEVEL=error git checkout master
DEBUG: ran git checkout master in 
DEBUG: LC_ALL=C JX_LOG_LEVEL=error git reset --hard e61ab13cd461794af350f578107e3a877742caa8
DEBUG: ran git reset --hard e61ab13cd461794af350f578107e3a877742caa8 in 
DEBUG: LC_ALL=C JX_LOG_LEVEL=error git clean -fd .
DEBUG: ran clean --force -d . in 
DEBUG: LC_ALL=C JX_LOG_LEVEL=error git merge 30b43bc800ba43007021d58213b82cce23eac25c
DEBUG: ran git merge 30b43bc800ba43007021d58213b82cce23eac25c in 
DEBUG: LC_ALL=C JX_LOG_LEVEL=error git log --format=%H%x1f%an%x1f%ae%x1f%cn%x1f%ce%x1f%s%n%b%x1e e61ab13cd461794af350f578107e3a877742caa8..HEAD
Merged SHA 30b43bc800ba43007021d58213b82cce23eac25c with commit message 'chore: Promote **py to version 0.0.30' into base branch master

Showing logs for build [32mablazleon-environment-jxgke6-st-p7542-1[0m stage [32mfrom-build-pack[0m and container [32mstep-build-helm-build[0m
WARNING: No $CHART_REPOSITORY defined so using the default value of: http://jenkins-x-chartmuseum:8080
Adding missing Helm repo: storage.googleapis.com https://storage.googleapis.com/chartmuseum.jenkins-x.io
Successfully added Helm repository storage.googleapis.com.
Adding missing Helm repo: jenkins-x-chartmuseum http://jenkins-x-chartmuseum:8080
Successfully added Helm repository jenkins-x-chartmuseum.
WARNING: No $CHART_REPOSITORY defined so using the default value of: http://jenkins-x-chartmuseum:8080
Adding missing Helm repo: chartmuseum.jenkins-x.io http://chartmuseum.jenkins-x.io
Successfully added Helm repository chartmuseum.jenkins-x.io.
