
Showing logs for build [32mablazleon-environment-jxgke6-st-557zx-1[0m stage [32mfrom-build-pack[0m and container [32mstep-credential-initializer-4mngj[0m
{"level":"info","ts":1593209487.1895058,"logger":"fallback-logger","caller":"logging/config.go:69","msg":"Fetch GitHub commit ID from kodata failed: open /var/run/ko/refs/heads/0.8.0-ns-support: no such file or directory"}
{"level":"info","ts":1593209487.1902523,"logger":"fallback-logger","caller":"creds-init/main.go:40","msg":"Credentials initialized."}

Showing logs for build [32mablazleon-environment-jxgke6-st-557zx-1[0m stage [32mfrom-build-pack[0m and container [32mstep-working-dir-initializer-6s6br[0m
{"level":"info","ts":1593209488.5787818,"logger":"fallback-logger","caller":"logging/config.go:69","msg":"Fetch GitHub commit ID from kodata failed: open /var/run/ko/HEAD: no such file or directory"}
{"level":"info","ts":1593209488.581016,"logger":"fallback-logger","caller":"bash/main.go:64","msg":"Successfully executed command \"sh -c mkdir -p /workspace/source\"; output "}

Showing logs for build [32mablazleon-environment-jxgke6-st-557zx-1[0m stage [32mfrom-build-pack[0m and container [32mstep-place-tools[0m

Showing logs for build [32mablazleon-environment-jxgke6-st-557zx-1[0m stage [32mfrom-build-pack[0m and container [32mstep-git-source-ablazleon-environment-jxgke6-st-557zx-4nzhw[0m
{"level":"info","ts":1593209494.784822,"logger":"fallback-logger","caller":"logging/config.go:69","msg":"Fetch GitHub commit ID from kodata failed: open /var/run/ko/refs/heads/0.8.0-ns-support: no such file or directory"}
{"level":"info","ts":1593209495.8863983,"logger":"fallback-logger","caller":"git/git.go:103","msg":"Successfully cloned https://github.com/*********/environment-**gke6-staging.git @ master in path /workspace/source"}

Showing logs for build [32mablazleon-environment-jxgke6-st-557zx-1[0m stage [32mfrom-build-pack[0m and container [32mstep-setup-builder-home[0m

Showing logs for build [32mablazleon-environment-jxgke6-st-557zx-1[0m stage [32mfrom-build-pack[0m and container [32mstep-git-merge[0m
Using SHAs from PULL_REFS=master:b77da9fceabdb38329776d1bdb223c732d7dcba6,25:a36af6121630193ec6507dd97c7be5f9716a3625
DEBUG: LC_ALL=C JX_LOG_LEVEL=error git fetch origin --unshallow a36af6121630193ec6507dd97c7be5f9716a3625: b77da9fceabdb38329776d1bdb223c732d7dcba6:
DEBUG: ran git fetch --unshallow origin a36af6121630193ec6507dd97c7be5f9716a3625: b77da9fceabdb38329776d1bdb223c732d7dcba6: in 
DEBUG: LC_ALL=C JX_LOG_LEVEL=error git branch
DEBUG: LC_ALL=C JX_LOG_LEVEL=error git checkout master
DEBUG: ran git checkout master in 
DEBUG: JX_LOG_LEVEL=error LC_ALL=C git reset --hard b77da9fceabdb38329776d1bdb223c732d7dcba6
DEBUG: ran git reset --hard b77da9fceabdb38329776d1bdb223c732d7dcba6 in 
DEBUG: LC_ALL=C JX_LOG_LEVEL=error git clean -fd .
DEBUG: ran clean --force -d . in 
DEBUG: LC_ALL=C JX_LOG_LEVEL=error git merge a36af6121630193ec6507dd97c7be5f9716a3625
DEBUG: ran git merge a36af6121630193ec6507dd97c7be5f9716a3625 in 
DEBUG: JX_LOG_LEVEL=error LC_ALL=C git log --format=%H%x1f%an%x1f%ae%x1f%cn%x1f%ce%x1f%s%n%b%x1e b77da9fceabdb38329776d1bdb223c732d7dcba6..HEAD
Merged SHA a36af6121630193ec6507dd97c7be5f9716a3625 with commit message 'chore: Promote **py to version 0.0.34' into base branch master

Showing logs for build [32mablazleon-environment-jxgke6-st-557zx-1[0m stage [32mfrom-build-pack[0m and container [32mstep-build-helm-build[0m
WARNING: No $CHART_REPOSITORY defined so using the default value of: http://jenkins-x-chartmuseum:8080
Adding missing Helm repo: storage.googleapis.com https://storage.googleapis.com/chartmuseum.jenkins-x.io
Successfully added Helm repository storage.googleapis.com.
Adding missing Helm repo: jenkins-x-chartmuseum http://jenkins-x-chartmuseum:8080
Successfully added Helm repository jenkins-x-chartmuseum.
WARNING: No $CHART_REPOSITORY defined so using the default value of: http://jenkins-x-chartmuseum:8080
Adding missing Helm repo: chartmuseum.jenkins-x.io http://chartmuseum.jenkins-x.io
Successfully added Helm repository chartmuseum.jenkins-x.io.
