
Showing logs for build [32mablazleon-environment-jxgke6-st-s4mvb-1[0m stage [32mfrom-build-pack[0m and container [32mstep-credential-initializer-sr4gv[0m
{"level":"info","ts":1593183787.5352392,"logger":"fallback-logger","caller":"logging/config.go:69","msg":"Fetch GitHub commit ID from kodata failed: open /var/run/ko/refs/heads/0.8.0-ns-support: no such file or directory"}
{"level":"info","ts":1593183787.5358083,"logger":"fallback-logger","caller":"creds-init/main.go:40","msg":"Credentials initialized."}

Showing logs for build [32mablazleon-environment-jxgke6-st-s4mvb-1[0m stage [32mfrom-build-pack[0m and container [32mstep-working-dir-initializer-8fmqf[0m
{"level":"info","ts":1593183788.478048,"logger":"fallback-logger","caller":"logging/config.go:69","msg":"Fetch GitHub commit ID from kodata failed: open /var/run/ko/HEAD: no such file or directory"}
{"level":"info","ts":1593183788.479847,"logger":"fallback-logger","caller":"bash/main.go:64","msg":"Successfully executed command \"sh -c mkdir -p /workspace/source\"; output "}

Showing logs for build [32mablazleon-environment-jxgke6-st-s4mvb-1[0m stage [32mfrom-build-pack[0m and container [32mstep-place-tools[0m

Showing logs for build [32mablazleon-environment-jxgke6-st-s4mvb-1[0m stage [32mfrom-build-pack[0m and container [32mstep-git-source-ablazleon-environment-jxgke6-st-s4mvb-2ldlp[0m
{"level":"info","ts":1593183794.6771572,"logger":"fallback-logger","caller":"logging/config.go:69","msg":"Fetch GitHub commit ID from kodata failed: open /var/run/ko/refs/heads/0.8.0-ns-support: no such file or directory"}
{"level":"info","ts":1593183795.7302163,"logger":"fallback-logger","caller":"git/git.go:103","msg":"Successfully cloned https://github.com/*********/environment-**gke6-staging.git @ master in path /workspace/source"}

Showing logs for build [32mablazleon-environment-jxgke6-st-s4mvb-1[0m stage [32mfrom-build-pack[0m and container [32mstep-setup-builder-home[0m

Showing logs for build [32mablazleon-environment-jxgke6-st-s4mvb-1[0m stage [32mfrom-build-pack[0m and container [32mstep-git-merge[0m
Using SHAs from PULL_REFS=master:b1ba2d0d606cd61c30d721de9166ae37f2bc3339,8:20be0161a4e0a364c1dc5da59f7ea2195680f32c
DEBUG: JX_LOG_LEVEL=error LC_ALL=C git fetch origin --unshallow 20be0161a4e0a364c1dc5da59f7ea2195680f32c: b1ba2d0d606cd61c30d721de9166ae37f2bc3339:
DEBUG: ran git fetch --unshallow origin 20be0161a4e0a364c1dc5da59f7ea2195680f32c: b1ba2d0d606cd61c30d721de9166ae37f2bc3339: in 
DEBUG: JX_LOG_LEVEL=error LC_ALL=C git branch
DEBUG: LC_ALL=C JX_LOG_LEVEL=error git checkout master
DEBUG: ran git checkout master in 
DEBUG: LC_ALL=C JX_LOG_LEVEL=error git reset --hard b1ba2d0d606cd61c30d721de9166ae37f2bc3339
DEBUG: ran git reset --hard b1ba2d0d606cd61c30d721de9166ae37f2bc3339 in 
DEBUG: LC_ALL=C JX_LOG_LEVEL=error git clean -fd .
DEBUG: ran clean --force -d . in 
DEBUG: LC_ALL=C JX_LOG_LEVEL=error git merge 20be0161a4e0a364c1dc5da59f7ea2195680f32c
DEBUG: ran git merge 20be0161a4e0a364c1dc5da59f7ea2195680f32c in 
DEBUG: LC_ALL=C JX_LOG_LEVEL=error git log --format=%H%x1f%an%x1f%ae%x1f%cn%x1f%ce%x1f%s%n%b%x1e b1ba2d0d606cd61c30d721de9166ae37f2bc3339..HEAD
Merged SHA 20be0161a4e0a364c1dc5da59f7ea2195680f32c with commit message 'chore: Promote **py to version 0.0.8' into base branch master

Showing logs for build [32mablazleon-environment-jxgke6-st-s4mvb-1[0m stage [32mfrom-build-pack[0m and container [32mstep-build-helm-build[0m
WARNING: No $CHART_REPOSITORY defined so using the default value of: http://jenkins-x-chartmuseum:8080
Adding missing Helm repo: storage.googleapis.com https://storage.googleapis.com/chartmuseum.jenkins-x.io
Successfully added Helm repository storage.googleapis.com.
Adding missing Helm repo: jenkins-x-chartmuseum http://jenkins-x-chartmuseum:8080
Successfully added Helm repository jenkins-x-chartmuseum.
WARNING: No $CHART_REPOSITORY defined so using the default value of: http://jenkins-x-chartmuseum:8080
Adding missing Helm repo: chartmuseum.jenkins-x.io http://chartmuseum.jenkins-x.io
Successfully added Helm repository chartmuseum.jenkins-x.io.
